<?xml version="1.0" encoding="UTF-8"?>
<coverage generated="1623781395446" clover="3.2.0">
  <project timestamp="1623781395446" name="All files">
    <metrics statements="25" coveredstatements="25" conditionals="4" coveredconditionals="4" methods="11" coveredmethods="11" elements="40" coveredelements="40" complexity="0" loc="25" ncloc="25" packages="1" files="1" classes="1"/>
    <file name="index.jsx" path="/home/carbatista/Projects/Project_To_Do_List/container/home/index.jsx">
      <metrics statements="25" coveredstatements="25" conditionals="4" coveredconditionals="4" methods="11" coveredmethods="11"/>
      <line num="11" count="1" type="stmt"/>
      <line num="12" count="17" type="stmt"/>
      <line num="13" count="17" type="stmt"/>
      <line num="14" count="17" type="stmt"/>
      <line num="15" count="17" type="stmt"/>
      <line num="17" count="17" type="stmt"/>
      <line num="18" count="5" type="stmt"/>
      <line num="22" count="2" type="stmt"/>
      <line num="23" count="2" type="stmt"/>
      <line num="25" count="2" type="stmt"/>
      <line num="27" count="2" type="stmt"/>
      <line num="31" count="4" type="stmt"/>
      <line num="36" count="4" type="cond" truecount="2" falsecount="0"/>
      <line num="38" count="3" type="stmt"/>
      <line num="39" count="3" type="stmt"/>
      <line num="40" count="3" type="stmt"/>
      <line num="42" count="3" type="stmt"/>
      <line num="45" count="3" type="stmt"/>
      <line num="49" count="2" type="cond" truecount="2" falsecount="0"/>
      <line num="50" count="1" type="stmt"/>
      <line num="54" count="1" type="stmt"/>
      <line num="56" count="1" type="stmt"/>
      <line num="57" count="1" type="stmt"/>
      <line num="59" count="1" type="stmt"/>
      <line num="63" count="17" type="stmt"/>
    </file>
  </project>
</coverage>
