TN:
SF:container/home/index.jsx
FN:11,(anonymous_0)
FN:17,(anonymous_1)
FN:21,handleChecked
FN:22,(anonymous_3)
FN:25,(anonymous_4)
FN:30,handleAdd
FN:38,(anonymous_6)
FN:48,handleChange
FN:53,handleRemove
FN:54,(anonymous_9)
FN:56,(anonymous_10)
FNF:11
FNH:11
FNDA:17,(anonymous_0)
FNDA:5,(anonymous_1)
FNDA:2,handleChecked
FNDA:2,(anonymous_3)
FNDA:2,(anonymous_4)
FNDA:4,handleAdd
FNDA:3,(anonymous_6)
FNDA:2,handleChange
FNDA:1,handleRemove
FNDA:1,(anonymous_9)
FNDA:1,(anonymous_10)
DA:11,1
DA:12,17
DA:13,17
DA:14,17
DA:15,17
DA:17,17
DA:18,5
DA:22,2
DA:23,2
DA:25,2
DA:27,2
DA:31,4
DA:36,4
DA:38,3
DA:39,3
DA:40,3
DA:42,3
DA:45,3
DA:49,2
DA:50,1
DA:54,1
DA:56,1
DA:57,1
DA:59,1
DA:63,17
LF:25
LH:25
BRDA:36,0,0,1
BRDA:36,0,1,3
BRDA:49,1,0,1
BRDA:49,1,1,1
BRF:4
BRH:4
end_of_record
